<?xml version="1.0"?>
<testsuites>
  <testsuite name="Chrome 24.0 (Mac)" package="undefined" timestamp="2013-02-21T03:06:22" id="0" hostname="vojta-mbp.local" tests="37" errors="0" failures="0" time="0.011">
    <properties>
      <property name="browser.fullName" value="Mozilla/5.0 (Macintosh; Intel Mac OS X 10_8_2) AppleWebKit/537.17 (KHTML, like Gecko) Chrome/24.0.1312.57 Safari/537.17"/>
    </properties>
    <testcase name="should update number of tests in the beginning" time="0.003" classname="Chrome 24.0 (Mac).adapter angular-scenario Test Results Reporter"/>
    <testcase name="should handle passing tests" time="0" classname="Chrome 24.0 (Mac).adapter angular-scenario Test Results Reporter"/>
    <testcase name="should handle failing tests" time="0.001" classname="Chrome 24.0 (Mac).adapter angular-scenario Test Results Reporter"/>
    <testcase name="should handle failure without line" time="0" classname="Chrome 24.0 (Mac).adapter angular-scenario Test Results Reporter"/>
    <testcase name="should listen for finish" time="0" classname="Chrome 24.0 (Mac).adapter angular-scenario Test Results Reporter"/>
    <testcase name="should inform TC about skipped tests" time="0" classname="Chrome 24.0 (Mac).adapter angular-scenario Test Results Reporter"/>
    <testcase name="should handle error spec without failed spec" time="0" classname="Chrome 24.0 (Mac).adapter angular-scenario Test Results Reporter"/>
    <testcase name="should report success result" time="0.001" classname="Chrome 24.0 (Mac).jasmine adapter TestacularReporter"/>
    <testcase name="should report fail result" time="0.001" classname="Chrome 24.0 (Mac).jasmine adapter TestacularReporter"/>
    <testcase name="should remove jasmine-specific frames from the exception stack traces" time="0.001" classname="Chrome 24.0 (Mac).jasmine adapter TestacularReporter"/>
    <testcase name="should report time for every spec" time="0" classname="Chrome 24.0 (Mac).jasmine adapter TestacularReporter"/>
    <testcase name="should prepend the stack with message if browser does not" time="0" classname="Chrome 24.0 (Mac).jasmine adapter formatFailedStep"/>
    <testcase name="should report message if no stack trace" time="0.001" classname="Chrome 24.0 (Mac).jasmine adapter formatFailedStep"/>
    <testcase name="should remove jasmine-specific frames from the exception stack traces" time="0" classname="Chrome 24.0 (Mac).jasmine adapter formatFailedStep"/>
    <testcase name="should serialize and call info" time="0" classname="Chrome 24.0 (Mac).jasmine adapter createDumpFn"/>
    <testcase name="should allow no serialize" time="0" classname="Chrome 24.0 (Mac).jasmine adapter createDumpFn"/>
    <testcase name="should return index of given item" time="0" classname="Chrome 24.0 (Mac).jasmine adapter indexOf"/>
    <testcase name="should report total number of specs" time="0.001" classname="Chrome 24.0 (Mac).adapter mocha reporter start"/>
    <testcase name="should report complete" time="0" classname="Chrome 24.0 (Mac).adapter mocha reporter end"/>
    <testcase name="should report result" time="0" classname="Chrome 24.0 (Mac).adapter mocha reporter test end"/>
    <testcase name="should report failed result" time="0" classname="Chrome 24.0 (Mac).adapter mocha reporter test end"/>
    <testcase name="should report suites" time="0" classname="Chrome 24.0 (Mac).adapter mocha reporter test end"/>
    <testcase name="should end test on hook failure" time="0" classname="Chrome 24.0 (Mac).adapter mocha reporter fail"/>
    <testcase name="should report complete" time="0" classname="Chrome 24.0 (Mac).adapter qunit reporter done"/>
    <testcase name="should report result" time="0" classname="Chrome 24.0 (Mac).adapter qunit reporter test end"/>
    <testcase name="should report failed result" time="0.001" classname="Chrome 24.0 (Mac).adapter qunit reporter test end"/>
    <testcase name="should add timestamp" time="0" classname="Chrome 24.0 (Mac).adapter requirejs"/>
    <testcase name="should not append timestamp if not found" time="0" classname="Chrome 24.0 (Mac).adapter requirejs"/>
    <testcase name="should normalize . and .. in the path" time="0" classname="Chrome 24.0 (Mac).adapter requirejs normalizePath"/>
    <testcase name="should preserve .. in the beginning of the path" time="0" classname="Chrome 24.0 (Mac).adapter requirejs normalizePath"/>
    <testcase name="should start execution when all files loaded and pass config" time="0" classname="Chrome 24.0 (Mac).testacular"/>
    <testcase name="should not start execution if any error during loading files" time="0" classname="Chrome 24.0 (Mac).testacular"/>
    <testcase name="should remove reference to start even after syntax error" time="0" classname="Chrome 24.0 (Mac).testacular"/>
    <testcase name="should report navigator name" time="0" classname="Chrome 24.0 (Mac).testacular"/>
    <testcase name="should report browser id" time="0.001" classname="Chrome 24.0 (Mac).testacular"/>
    <testcase name="should be getter/setter" time="0" classname="Chrome 24.0 (Mac).testacular store"/>
    <testcase name="should clone arrays to avoid memory leaks" time="0" classname="Chrome 24.0 (Mac).testacular store"/>
    <system-out/>
    <system-err/>
  </testsuite>
</testsuites>
